This is pdfTeX, Version 3.14159265-2.6-1.40.18 (MiKTeX 2.9.6300 64-bit) (preloaded format=pdflatex 2017.6.21)  6 AUG 2017 10:44
entering extended mode
**"./Tarea 1 - LaTeX.tex"
("Tarea 1 - LaTeX.tex"
LaTeX2e <2017-04-15>
Babel <3.9r> and hyphenation patterns for 75 language(s) loaded.
(C:\Users\mena9\AppData\Roaming\MiKTeX\2.9\tex\latex\ieeetran\IEEEtran.cls
Document Class: IEEEtran 2015/08/26 V1.8b by Michael Shell
-- See the "IEEEtran_HOWTO" manual for usage information.
-- http://www.michaelshell.org/tex/ieeetran/
\@IEEEtrantmpdimenA=\dimen102
\@IEEEtrantmpdimenB=\dimen103
\@IEEEtrantmpdimenC=\dimen104
\@IEEEtrantmpcountA=\count79
\@IEEEtrantmpcountB=\count80
\@IEEEtrantmpcountC=\count81
\@IEEEtrantmptoksA=\toks14
LaTeX Font Info:    Try loading font information for OT1+ppl on input line 503.

("C:\Program Files\MiKTeX 2.9\tex\latex\psnfss\ot1ppl.fd"
File: ot1ppl.fd 2001/06/04 font definitions for OT1/ppl.
)
-- Using IEEE Computer Society mode.
-- Using 8.5in x 11in (letter) paper.
-- Using PDF output.
\@IEEEnormalsizeunitybaselineskip=\dimen105
-- This is a 10 point document.
\CLASSINFOnormalsizebaselineskip=\dimen106
\CLASSINFOnormalsizeunitybaselineskip=\dimen107
\IEEEnormaljot=\dimen108
LaTeX Font Info:    Font shape `OT1/ppl/bx/n' in size <5.01874> not available
(Font)              Font shape `OT1/ppl/b/n' tried instead on input line 1090.
LaTeX Font Info:    Font shape `OT1/ppl/bx/it' in size <5.01874> not available
(Font)              Font shape `OT1/ppl/b/it' tried instead on input line 1090.

LaTeX Font Info:    Font shape `OT1/ppl/bx/n' in size <7.02625> not available
(Font)              Font shape `OT1/ppl/b/n' tried instead on input line 1090.
LaTeX Font Info:    Font shape `OT1/ppl/bx/it' in size <7.02625> not available
(Font)              Font shape `OT1/ppl/b/it' tried instead on input line 1090.

LaTeX Font Info:    Font shape `OT1/ppl/bx/n' in size <8.03> not available
(Font)              Font shape `OT1/ppl/b/n' tried instead on input line 1090.
LaTeX Font Info:    Font shape `OT1/ppl/bx/it' in size <8.03> not available
(Font)              Font shape `OT1/ppl/b/it' tried instead on input line 1090.

LaTeX Font Info:    Font shape `OT1/ppl/bx/n' in size <9.03374> not available
(Font)              Font shape `OT1/ppl/b/n' tried instead on input line 1090.
LaTeX Font Info:    Font shape `OT1/ppl/bx/it' in size <9.03374> not available
(Font)              Font shape `OT1/ppl/b/it' tried instead on input line 1090.

LaTeX Font Info:    Font shape `OT1/ppl/bx/n' in size <9.53561> not available
(Font)              Font shape `OT1/ppl/b/n' tried instead on input line 1090.
LaTeX Font Info:    Font shape `OT1/ppl/bx/it' in size <9.53561> not available
(Font)              Font shape `OT1/ppl/b/it' tried instead on input line 1090.

LaTeX Font Info:    Font shape `OT1/ppl/bx/n' in size <11.04124> not available
(Font)              Font shape `OT1/ppl/b/n' tried instead on input line 1090.
LaTeX Font Info:    Font shape `OT1/ppl/bx/it' in size <11.04124> not available

(Font)              Font shape `OT1/ppl/b/it' tried instead on input line 1090.

LaTeX Font Info:    Font shape `OT1/ppl/bx/n' in size <12.045> not available
(Font)              Font shape `OT1/ppl/b/n' tried instead on input line 1090.
LaTeX Font Info:    Font shape `OT1/ppl/bx/it' in size <12.045> not available
(Font)              Font shape `OT1/ppl/b/it' tried instead on input line 1090.

LaTeX Font Info:    Font shape `OT1/ppl/bx/n' in size <17.06374> not available
(Font)              Font shape `OT1/ppl/b/n' tried instead on input line 1090.
LaTeX Font Info:    Font shape `OT1/ppl/bx/it' in size <17.06374> not available

(Font)              Font shape `OT1/ppl/b/it' tried instead on input line 1090.

LaTeX Font Info:    Font shape `OT1/ppl/bx/n' in size <20.075> not available
(Font)              Font shape `OT1/ppl/b/n' tried instead on input line 1090.
LaTeX Font Info:    Font shape `OT1/ppl/bx/it' in size <20.075> not available
(Font)              Font shape `OT1/ppl/b/it' tried instead on input line 1090.

LaTeX Font Info:    Font shape `OT1/ppl/bx/n' in size <24.09> not available
(Font)              Font shape `OT1/ppl/b/n' tried instead on input line 1090.
LaTeX Font Info:    Font shape `OT1/ppl/bx/it' in size <24.09> not available
(Font)              Font shape `OT1/ppl/b/it' tried instead on input line 1090.

\IEEEquantizedlength=\dimen109
\IEEEquantizedlengthdiff=\dimen110
\IEEEquantizedtextheightdiff=\dimen111
\IEEEilabelindentA=\dimen112
\IEEEilabelindentB=\dimen113
\IEEEilabelindent=\dimen114
\IEEEelabelindent=\dimen115
\IEEEdlabelindent=\dimen116
\IEEElabelindent=\dimen117
\IEEEiednormlabelsep=\dimen118
\IEEEiedmathlabelsep=\dimen119
\IEEEiedtopsep=\skip41
\c@section=\count82
\c@subsection=\count83
\c@subsubsection=\count84
\c@paragraph=\count85
\c@IEEEsubequation=\count86
\abovecaptionskip=\skip42
\belowcaptionskip=\skip43
\c@figure=\count87
\c@table=\count88
\@IEEEeqnnumcols=\count89
\@IEEEeqncolcnt=\count90
\@IEEEsubeqnnumrollback=\count91
\@IEEEquantizeheightA=\dimen120
\@IEEEquantizeheightB=\dimen121
\@IEEEquantizeheightC=\dimen122
\@IEEEquantizeprevdepth=\dimen123
\@IEEEquantizemultiple=\count92
\@IEEEquantizeboxA=\box26
\@IEEEtmpitemindent=\dimen124
\IEEEPARstartletwidth=\dimen125
\c@IEEEbiography=\count93
\@IEEEtranrubishbin=\box27
) ("C:\Program Files\MiKTeX 2.9\tex\generic\babel\babel.sty"
Package: babel 2016/04/23 3.9r The Babel package

*************************************
* Local config file bblopts.cfg used
*
(C:\Users\mena9\AppData\Roaming\MiKTeX\2.9\tex\latex\arabi\bblopts.cfg
File: bblopts.cfg 2005/09/08 v0.1 add Arabic and Farsi to "declared" options of
 babel
)
("C:\Program Files\MiKTeX 2.9\tex\latex\babel-spanish\spanish.ldf"
Language: spanish.ldf 2016/03/03 v5.0p Spanish support from the babel system

("C:\Program Files\MiKTeX 2.9\tex\generic\babel\babel.def"
File: babel.def 2016/04/23 3.9r Babel common definitions
\babel@savecnt=\count94
\U@D=\dimen126
)
\es@quottoks=\toks15
\es@quotdepth=\count95
Package babel Info: Making " an active character on input line 561.
Package babel Info: Making . an active character on input line 662.
Package babel Info: Making < an active character on input line 707.
Package babel Info: Making > an active character on input line 707.
))
(C:\Users\mena9\AppData\Roaming\MiKTeX\2.9\tex\latex\listings\listings.sty
("C:\Program Files\MiKTeX 2.9\tex\latex\graphics\keyval.sty"
Package: keyval 2014/10/28 v1.15 key=value parser (DPC)
\KV@toks@=\toks16
)
\lst@mode=\count96
\lst@gtempboxa=\box28
\lst@token=\toks17
\lst@length=\count97
\lst@currlwidth=\dimen127
\lst@column=\count98
\lst@pos=\count99
\lst@lostspace=\dimen128
\lst@width=\dimen129
\lst@newlines=\count100
\lst@lineno=\count101
\lst@maxwidth=\dimen130

(C:\Users\mena9\AppData\Roaming\MiKTeX\2.9\tex\latex\listings\lstmisc.sty
File: lstmisc.sty 2015/06/04 1.6 (Carsten Heinz)
\c@lstnumber=\count102
\lst@skipnumbers=\count103
\lst@framebox=\box29
)
(C:\Users\mena9\AppData\Roaming\MiKTeX\2.9\tex\latex\listings\listings.cfg
File: listings.cfg 2015/06/04 1.6 listings configuration
))
Package: listings 2015/06/04 1.6 (Carsten Heinz)

("C:\Program Files\MiKTeX 2.9\tex\latex\graphics\graphicx.sty"
Package: graphicx 2014/10/28 v1.0g Enhanced LaTeX Graphics (DPC,SPQR)

("C:\Program Files\MiKTeX 2.9\tex\latex\graphics\graphics.sty"
Package: graphics 2017/04/14 v1.1b Standard LaTeX Graphics (DPC,SPQR)

("C:\Program Files\MiKTeX 2.9\tex\latex\graphics\trig.sty"
Package: trig 2016/01/03 v1.10 sin cos tan (DPC)
)
("C:\Program Files\MiKTeX 2.9\tex\latex\graphics-cfg\graphics.cfg"
File: graphics.cfg 2016/06/04 v1.11 sample graphics configuration
)
Package graphics Info: Driver file: pdftex.def on input line 99.

("C:\Program Files\MiKTeX 2.9\tex\latex\graphics-def\pdftex.def"
File: pdftex.def 2017/01/12 v0.06k Graphics/color for pdfTeX

("C:\Program Files\MiKTeX 2.9\tex\generic\oberdiek\infwarerr.sty"
Package: infwarerr 2016/05/16 v1.4 Providing info/warning/error messages (HO)
)
("C:\Program Files\MiKTeX 2.9\tex\generic\oberdiek\ltxcmds.sty"
Package: ltxcmds 2016/05/16 v1.23 LaTeX kernel commands for general use (HO)
)
\Gread@gobject=\count104
))
\Gin@req@height=\dimen131
\Gin@req@width=\dimen132
)
("C:\Program Files\MiKTeX 2.9\tex\latex\graphics\color.sty"
Package: color 2016/07/10 v1.1e Standard LaTeX Color (DPC)

("C:\Program Files\MiKTeX 2.9\tex\latex\graphics-cfg\color.cfg"
File: color.cfg 2016/01/02 v1.6 sample color configuration
)
Package color Info: Driver file: pdftex.def on input line 147.

("C:\Program Files\MiKTeX 2.9\tex\latex\graphics\dvipsnam.def"
File: dvipsnam.def 2016/06/17 v3.0m Driver-dependent file (DPC,SPQR)
))
(C:\Users\mena9\AppData\Roaming\MiKTeX\2.9\tex\latex\cite\cite.sty
LaTeX Info: Redefining \cite on input line 302.
LaTeX Info: Redefining \nocite on input line 332.
Package: cite 2015/02/27  v 5.5
)
("Tarea 1 - LaTeX.aux"
LaTeX Info: Redefining \. on input line 6.
LaTeX Info: Redefining \% on input line 6.
)
\openout1 = `"Tarea 1 - LaTeX.aux"'.

LaTeX Font Info:    Checking defaults for OML/cmm/m/it on input line 26.
LaTeX Font Info:    ... okay on input line 26.
LaTeX Font Info:    Checking defaults for T1/cmr/m/n on input line 26.
LaTeX Font Info:    ... okay on input line 26.
LaTeX Font Info:    Checking defaults for OT1/cmr/m/n on input line 26.
LaTeX Font Info:    ... okay on input line 26.
LaTeX Font Info:    Checking defaults for OMS/cmsy/m/n on input line 26.
LaTeX Font Info:    ... okay on input line 26.
LaTeX Font Info:    Checking defaults for OMX/cmex/m/n on input line 26.
LaTeX Font Info:    ... okay on input line 26.
LaTeX Font Info:    Checking defaults for U/cmr/m/n on input line 26.
LaTeX Font Info:    ... okay on input line 26.

-- Lines per column: 61 (exact).
LaTeX Info: Redefining \. on input line 26.
LaTeX Info: Redefining \% on input line 26.
\c@lstlisting=\count105
(C:\Users\mena9\AppData\Roaming\MiKTeX\2.9\tex\context\base\supp-pdf.mkii
[Loading MPS to PDF converter (version 2006.09.02).]
\scratchcounter=\count106
\scratchdimen=\dimen133
\scratchbox=\box30
\nofMPsegments=\count107
\nofMParguments=\count108
\everyMPshowfont=\toks18
\MPscratchCnt=\count109
\MPscratchDim=\dimen134
\MPnumerator=\count110
\makeMPintoPDFobject=\count111
\everyMPtoPDFconversion=\toks19
) ("C:\Program Files\MiKTeX 2.9\tex\generic\oberdiek\pdftexcmds.sty"
Package: pdftexcmds 2017/03/19 v0.25 Utility functions of pdfTeX for LuaTeX (HO
)

("C:\Program Files\MiKTeX 2.9\tex\generic\oberdiek\ifluatex.sty"
Package: ifluatex 2016/05/16 v1.4 Provides the ifluatex switch (HO)
Package ifluatex Info: LuaTeX not detected.
)
("C:\Program Files\MiKTeX 2.9\tex\generic\oberdiek\ifpdf.sty"
Package: ifpdf 2017/03/15 v3.2 Provides the ifpdf switch
)
Package pdftexcmds Info: LuaTeX not detected.
Package pdftexcmds Info: \pdf@primitive is available.
Package pdftexcmds Info: \pdf@ifprimitive is available.
Package pdftexcmds Info: \pdfdraftmode found.
)
("C:\Program Files\MiKTeX 2.9\tex\latex\oberdiek\epstopdf-base.sty"
Package: epstopdf-base 2016/05/15 v2.6 Base part for package epstopdf

("C:\Program Files\MiKTeX 2.9\tex\latex\oberdiek\grfext.sty"
Package: grfext 2016/05/16 v1.2 Manage graphics extensions (HO)

("C:\Program Files\MiKTeX 2.9\tex\generic\oberdiek\kvdefinekeys.sty"
Package: kvdefinekeys 2016/05/16 v1.4 Define keys (HO)
))
("C:\Program Files\MiKTeX 2.9\tex\latex\oberdiek\kvoptions.sty"
Package: kvoptions 2016/05/16 v3.12 Key value format for package options (HO)

("C:\Program Files\MiKTeX 2.9\tex\generic\oberdiek\kvsetkeys.sty"
Package: kvsetkeys 2016/05/16 v1.17 Key value parser (HO)

("C:\Program Files\MiKTeX 2.9\tex\generic\oberdiek\etexcmds.sty"
Package: etexcmds 2016/05/16 v1.6 Avoid name clashes with e-TeX commands (HO)
Package etexcmds Info: Could not find \expanded.
(etexcmds)             That can mean that you are not using pdfTeX 1.50 or
(etexcmds)             that some package has redefined \expanded.
(etexcmds)             In the latter case, load this package earlier.
)))
Package epstopdf-base Info: Redefining graphics rule for `.eps' on input line 4
38.
Package grfext Info: Graphics extension search list:
(grfext)             [.png,.pdf,.jpg,.mps,.jpeg,.jbig2,.jb2,.PNG,.PDF,.JPG,.JPE
G,.JBIG2,.JB2,.eps]
(grfext)             \AppendGraphicsExtensions on input line 456.
)
LaTeX Font Info:    Try loading font information for OT1+phv on input line 42.

("C:\Program Files\MiKTeX 2.9\tex\latex\psnfss\ot1phv.fd"
File: ot1phv.fd 2001/06/04 scalable font definitions for OT1/phv.
)
LaTeX Font Info:    Calculating math sizes for size <24.09> on input line 42.
LaTeX Font Info:    External font `cmex10' loaded for size
(Font)              <24.09> on input line 42.
LaTeX Font Info:    External font `cmex10' loaded for size
(Font)              <16.86292> on input line 42.
LaTeX Font Info:    External font `cmex10' loaded for size
(Font)              <12.045> on input line 42.
LaTeX Font Info:    Font shape `OT1/phv/m/it' in size <11.04124> not available
(Font)              Font shape `OT1/phv/m/sl' tried instead on input line 42.
LaTeX Font Info:    Font shape `OT1/phv/bx/n' in size <8.03> not available
(Font)              Font shape `OT1/phv/b/n' tried instead on input line 42.
LaTeX Font Info:    Calculating math sizes for size <11.04124> on input line 42
.
LaTeX Font Info:    External font `cmex10' loaded for size
(Font)              <11.04124> on input line 42.
LaTeX Font Info:    External font `cmex10' loaded for size
(Font)              <7.72884> on input line 42.
LaTeX Font Info:    External font `cmex10' loaded for size
(Font)              <5.52061> on input line 42.
LaTeX Font Info:    Try loading font information for U+pzd on input line 42.

("C:\Program Files\MiKTeX 2.9\tex\latex\psnfss\upzd.fd"
File: upzd.fd 2001/06/04 font definitions for U/pzd.
)
LaTeX Font Info:    Font shape `OT1/phv/bx/n' in size <11.04124> not available
(Font)              Font shape `OT1/phv/b/n' tried instead on input line 48.
LaTeX Font Info:    Font shape `OT1/phv/bx/sc' in size <11.04124> not available

(Font)              Font shape `OT1/phv/b/sc' tried instead on input line 48.
Missing character: There is no Ã in font pplr7t!
Missing character: There is no ± in font pplr7t!
LaTeX Font Info:    Calculating math sizes for size <9.53561> on input line 51.

LaTeX Font Info:    External font `cmex10' loaded for size
(Font)              <9.53561> on input line 51.
LaTeX Font Info:    External font `cmex10' loaded for size
(Font)              <6.6749> on input line 51.
LaTeX Font Info:    External font `cmex10' loaded for size
(Font)              <4.7678> on input line 51.
LaTeX Font Info:    Try loading font information for OMS+ppl on input line 57.

("C:\Program Files\MiKTeX 2.9\tex\latex\psnfss\omsppl.fd"
File: omsppl.fd 
)
LaTeX Font Info:    Font shape `OMS/ppl/m/n' in size <9.53561> not available
(Font)              Font shape `OMS/cmsy/m/n' tried instead on input line 57.

Underfull \hbox (badness 4660) in paragraph at lines 66--67
[]\OT1/ppl/m/n/9.53561 Formato al-ta-men-te uti-li-za-do pa-ra
 []

Missing character: There is no Ã in font pplr7t!
Missing character: There is no ± in font pplr7t!

Overfull \hbox (33.12602pt too wide) in paragraph at lines 88--89
[][][][][][][][][][][][][][][][][] 
 []

LaTeX Font Info:    Font shape `OT1/phv/bx/n' in size <9.53561> not available
(Font)              Font shape `OT1/phv/b/n' tried instead on input line 95.
<pic1.jpg, id=1, 186.6975pt x 140.525pt>
File: pic1.jpg Graphic file (type jpg)
 <use pic1.jpg>
Package pdftex.def Info: pic1.jpg used on input line 128.
(pdftex.def)             Requested size: 103.58542pt x 77.96655pt.

Underfull \hbox (badness 10000) in paragraph at lines 96--132

 []


Underfull \hbox (badness 10000) in paragraph at lines 96--132

 []


Underfull \hbox (badness 10000) in paragraph at lines 96--132

 []

LaTeX Font Info:    Try loading font information for OT1+pcr on input line 136.

("C:\Program Files\MiKTeX 2.9\tex\latex\psnfss\ot1pcr.fd"
File: ot1pcr.fd 2001/06/04 font definitions for OT1/pcr.
)
Underfull \hbox (badness 10000) in paragraph at lines 136--141
[][]\OT1/pcr/m/n/9.53561 \usepackage[usenames, dvipsnames]{color} []\OT1/ppl/m/
n/9.53561 se
 []


Underfull \hbox (badness 10000) in paragraph at lines 136--141
\OT1/ppl/m/n/9.53561 los co-man-dos [][]\OT1/pcr/m/n/9.53561 \textcolor{Color}{
Texto} []\OT1/ppl/m/n/9.53561 pa-ra
 []


Underfull \hbox (badness 10000) in paragraph at lines 136--141
[]\OT1/ppl/m/n/9.53561 pa-ra po-ner-le fon-do de co-lor al tex-to,
 []


Underfull \hbox (badness 10000) in paragraph at lines 136--141
[][]\OT1/pcr/m/n/9.53561 \fcolorbox{ColorBorde}{ColorFondo}{texto}
 []


Underfull \hbox (badness 10000) in paragraph at lines 136--141

 []


Underfull \hbox (badness 10000) in paragraph at lines 136--141

 []


Underfull \hbox (badness 10000) in paragraph at lines 136--141

 []


Underfull \hbox (badness 10000) in paragraph at lines 136--141

 []

LaTeX Info: Redefining \. on input line 141.
LaTeX Info: Redefining \% on input line 141.
[1{C:/Users/mena9/AppData/Local/MiKTeX/2.9/pdftex/config/pdftex.map}


 <./pic1.jpg>]
Underfull \hbox (badness 10000) in paragraph at lines 159--170

 []

Missing character: There is no Ã in font pplr7t!
Missing character: There is no ¡ in font pplr7t!
Missing character: There is no Ã in font pplr7t!
Missing character: There is no ¡ in font pplr7t!
Missing character: There is no Ã in font pplr7t!
Missing character: There is no ¡ in font pplr7t!
LaTeX Font Info:    Try loading font information for OML+ppl on input line 204.

("C:\Program Files\MiKTeX 2.9\tex\latex\psnfss\omlppl.fd"
File: omlppl.fd 
)
LaTeX Font Info:    Font shape `OML/ppl/m/n' in size <9.53561> not available
(Font)              Font shape `OML/cmm/m/it' tried instead on input line 204.

Overfull \hbox (43.22401pt too wide) in paragraph at lines 195--215
[][]
 []


Underfull \hbox (badness 10000) in paragraph at lines 195--215

 []


Underfull \hbox (badness 7326) in paragraph at lines 172--217
\OT1/ppl/m/n/9.53561 di-fe-ren-tes co-mo chino o ru-so exis-te un pa-que-te
 []


Underfull \hbox (badness 1902) in paragraph at lines 172--217
\OT1/ppl/m/n/9.53561 lla-ma-do Ba-bel crea-do por Johan-nes Braams y Ja-vier
 []


Underfull \hbox (badness 7777) in paragraph at lines 172--217
\OT1/ppl/m/n/9.53561 Be-zos, pa-ra uti-li-zar ba-bel se uti-li-za el si-guien-t
e
 []


Underfull \hbox (badness 10000) in paragraph at lines 172--217
\OT1/ppl/m/n/9.53561 co-man-do: [][]\OT1/pcr/m/n/9.53561 \usepackage[language]{
babel} []\OT1/ppl/m/n/9.53561 es
 []


Underfull \hbox (badness 6910) in paragraph at lines 172--217
\OT1/ppl/m/n/9.53561 re-co-men-da-do uti-li-zar es-te co-man-do in-me-dia-ta-me
n-te
 []


Underfull \hbox (badness 10000) in paragraph at lines 172--217
\OT1/ppl/m/n/9.53561 des-pues de uti-li-zar [][]\OT1/pcr/m/n/9.53561 \documentc
lass []\OT1/ppl/m/n/9.53561 asi otros
 []


Underfull \hbox (badness 1742) in paragraph at lines 172--217
\OT1/ppl/m/n/9.53561 per-mi-te ser []nvo-ca-do[]uti-li-zan-do va-rios len-gua-
jes co-mo
 []


Underfull \hbox (badness 3849) in paragraph at lines 172--217
\OT1/ppl/m/n/9.53561 pa-ra-me-tros, de es-ta for-ma si te-ne-mos el co-man-do
 []


Underfull \hbox (badness 10000) in paragraph at lines 172--217
[][]\OT1/pcr/m/n/9.53561 \usepackage[languageA,languageB]{babel} []\OT1/ppl/m/n
/9.53561 se
 []


Underfull \hbox (badness 10000) in paragraph at lines 172--217
\OT1/ppl/m/n/9.53561 cam-biar ut-ti-li-zan-do [][]\OT1/pcr/m/n/9.53561 \selectl
anguage{languageA}[]\OT1/ppl/m/n/9.53561 ,
 []


Underfull \hbox (badness 10000) in paragraph at lines 172--217
\OT1/ppl/m/n/9.53561 adems, ba-bel per-mi-te uti-li-zar cier-tos co-man-dos
 []


Underfull \hbox (badness 10000) in paragraph at lines 172--217
\OT1/ppl/m/n/9.53561 co-mo [][]\OT1/pcr/m/n/9.53561 \foreignlanguage{language}{
Texto} []\OT1/ppl/m/n/9.53561 y
 []


Underfull \hbox (badness 10000) in paragraph at lines 172--217
[][]\OT1/pcr/m/n/9.53561 \begin{otherlanguage}...\end{otherlanguage}
 []


Underfull \hbox (badness 10000) in paragraph at lines 172--217

 []


Underfull \hbox (badness 2150) in paragraph at lines 172--217
\OT1/ppl/m/n/9.53561 Para una lis-ta m[]as de-ta-lla-da (Sim-bo-los ma-te-ma-ti
-cos,
 []


Underfull \hbox (badness 4686) in paragraph at lines 227--228
[]\OT1/ppl/m/n/8.03 J. Braams y J. Be-zos \OT1/ppl/m/it/8.03 Ba-bel\OT1/ppl/m/n
/8.03 , Ju-nio 2017. Re-cu-pe-ra-do de
 []


Overfull \hbox (41.07558pt too wide) in paragraph at lines 227--228
\OT1/ppl/m/n/8.03 http://ftp.ntou.edu.tw/ctan/macros/latex2e/required/babel/bas
e/babel.pdf 
 []

LaTeX Font Info:    Calculating math sizes for size <8.03> on input line 231.
LaTeX Font Info:    External font `cmex10' loaded for size
(Font)              <8.03> on input line 231.
LaTeX Font Info:    External font `cmex10' loaded for size
(Font)              <5.62097> on input line 231.
LaTeX Font Info:    External font `cmex10' loaded for size
(Font)              <4.015> on input line 231.

Underfull \hbox (badness 10000) in paragraph at lines 230--232
[]\OT1/ppl/m/n/8.03 L. Lam-port \OT1/ppl/m/it/8.03 La-tex A Do-cu-ment Pre-pa-r
a-tion Sys-tem
 []


Underfull \hbox (badness 10000) in paragraph at lines 230--232
\OT1/ppl/m/it/8.03 User's Gui-de and Re-fe-ren-ce Ma-nual \OT1/ppl/m/n/8.03 Re-
cu-pe-ra-do de:
 []


Underfull \hbox (badness 10000) in paragraph at lines 230--232
\OT1/ppl/m/n/8.03 http://users.softlab.ntua.gr/ sivann/books/LaTeX$ $%20-
 []


Underfull \hbox (badness 10000) in paragraph at lines 230--232
\OT1/ppl/m/n/8.03 %20User's$ $%20Guide$ $%20and$ $%20Reference$ $%20Manual-
 []

LaTeX Info: Redefining \. on input line 237.
LaTeX Info: Redefining \% on input line 237.
[2] ("Tarea 1 - LaTeX.aux"
LaTeX Info: Redefining \. on input line 6.
LaTeX Info: Redefining \% on input line 6.
) ) 
Here is how much of TeX's memory you used:
 4921 strings out of 493328
 75433 string characters out of 3139124
 157477 words of memory out of 3000000
 8369 multiletter control sequences out of 15000+200000
 59264 words of font info for 121 fonts, out of 3000000 for 9000
 1144 hyphenation exceptions out of 8191
 39i,14n,32p,931b,859s stack positions out of 5000i,500n,10000p,200000b,50000s
{C:/Program Files/MiKTeX 2.9/fonts/enc/dvips/base/8r.enc}<C:/Program Files/M
iKTeX 2.9/fonts/type1/public/amsfonts/cm/cmmi10.pfb><C:/Program Files/MiKTeX 2.
9/fonts/type1/public/amsfonts/cm/cmsy10.pfb><C:/Program Files/MiKTeX 2.9/fonts/
type1/urw/courier/ucrr8a.pfb><C:/Program Files/MiKTeX 2.9/fonts/type1/urw/helve
tic/uhvb8a.pfb><C:/Program Files/MiKTeX 2.9/fonts/type1/urw/helvetic/uhvr8a.pfb
><C:/Program Files/MiKTeX 2.9/fonts/type1/urw/helvetic/uhvro8a.pfb><C:/Program 
Files/MiKTeX 2.9/fonts/type1/urw/palatino/uplb8a.pfb><C:/Program Files/MiKTeX 2
.9/fonts/type1/urw/palatino/uplr8a.pfb><C:/Program Files/MiKTeX 2.9/fonts/type1
/urw/palatino/uplr8a.pfb><C:/Program Files/MiKTeX 2.9/fonts/type1/urw/palatino/
uplri8a.pfb><C:/Program Files/MiKTeX 2.9/fonts/type1/urw/zapfding/uzdr.pfb>
Output written on "Tarea 1 - LaTeX.pdf" (2 pages, 135002 bytes).
PDF statistics:
 55 PDF objects out of 1000 (max. 8388607)
 0 named destinations out of 1000 (max. 500000)
 6 words of extra memory for PDF output out of 10000 (max. 10000000)

