This is pdfTeX, Version 3.14159265-2.6-1.40.17 (TeX Live 2016) (preloaded format=pdflatex 2016.5.22)  12 OCT 2017 01:33
entering extended mode
 restricted \write18 enabled.
 %&-line parsing enabled.
**"Tarea 5 Curry.tex"
(./Tarea 5 Curry.tex
LaTeX2e <2016/03/31>
Babel <3.9r> and hyphenation patterns for 83 language(s) loaded.
(/usr/local/texlive/2016/texmf-dist/tex/latex/IEEEtran/IEEEtran.cls
Document Class: IEEEtran 2015/08/26 V1.8b by Michael Shell
-- See the "IEEEtran_HOWTO" manual for usage information.
-- http://www.michaelshell.org/tex/ieeetran/
\@IEEEtrantmpdimenA=\dimen102
\@IEEEtrantmpdimenB=\dimen103
\@IEEEtrantmpdimenC=\dimen104
\@IEEEtrantmpcountA=\count79
\@IEEEtrantmpcountB=\count80
\@IEEEtrantmpcountC=\count81
\@IEEEtrantmptoksA=\toks14
LaTeX Font Info:    Try loading font information for OT1+ppl on input line 503.

(/usr/local/texlive/2016/texmf-dist/tex/latex/psnfss/ot1ppl.fd
File: ot1ppl.fd 2001/06/04 font definitions for OT1/ppl.
)
-- Using IEEE Computer Society mode.
-- Using 8.5in x 11in (letter) paper.
-- Using PDF output.
\@IEEEnormalsizeunitybaselineskip=\dimen105
-- This is a 10 point document.
\CLASSINFOnormalsizebaselineskip=\dimen106
\CLASSINFOnormalsizeunitybaselineskip=\dimen107
\IEEEnormaljot=\dimen108
LaTeX Font Info:    Font shape `OT1/ppl/bx/n' in size <5.01874> not available
(Font)              Font shape `OT1/ppl/b/n' tried instead on input line 1090.
LaTeX Font Info:    Font shape `OT1/ppl/bx/it' in size <5.01874> not available
(Font)              Font shape `OT1/ppl/b/it' tried instead on input line 1090.

LaTeX Font Info:    Font shape `OT1/ppl/bx/n' in size <7.02625> not available
(Font)              Font shape `OT1/ppl/b/n' tried instead on input line 1090.
LaTeX Font Info:    Font shape `OT1/ppl/bx/it' in size <7.02625> not available
(Font)              Font shape `OT1/ppl/b/it' tried instead on input line 1090.

LaTeX Font Info:    Font shape `OT1/ppl/bx/n' in size <8.03> not available
(Font)              Font shape `OT1/ppl/b/n' tried instead on input line 1090.
LaTeX Font Info:    Font shape `OT1/ppl/bx/it' in size <8.03> not available
(Font)              Font shape `OT1/ppl/b/it' tried instead on input line 1090.

LaTeX Font Info:    Font shape `OT1/ppl/bx/n' in size <9.03374> not available
(Font)              Font shape `OT1/ppl/b/n' tried instead on input line 1090.
LaTeX Font Info:    Font shape `OT1/ppl/bx/it' in size <9.03374> not available
(Font)              Font shape `OT1/ppl/b/it' tried instead on input line 1090.

LaTeX Font Info:    Font shape `OT1/ppl/bx/n' in size <9.53561> not available
(Font)              Font shape `OT1/ppl/b/n' tried instead on input line 1090.
LaTeX Font Info:    Font shape `OT1/ppl/bx/it' in size <9.53561> not available
(Font)              Font shape `OT1/ppl/b/it' tried instead on input line 1090.

LaTeX Font Info:    Font shape `OT1/ppl/bx/n' in size <11.04124> not available
(Font)              Font shape `OT1/ppl/b/n' tried instead on input line 1090.
LaTeX Font Info:    Font shape `OT1/ppl/bx/it' in size <11.04124> not available

(Font)              Font shape `OT1/ppl/b/it' tried instead on input line 1090.

LaTeX Font Info:    Font shape `OT1/ppl/bx/n' in size <12.045> not available
(Font)              Font shape `OT1/ppl/b/n' tried instead on input line 1090.
LaTeX Font Info:    Font shape `OT1/ppl/bx/it' in size <12.045> not available
(Font)              Font shape `OT1/ppl/b/it' tried instead on input line 1090.

LaTeX Font Info:    Font shape `OT1/ppl/bx/n' in size <17.06374> not available
(Font)              Font shape `OT1/ppl/b/n' tried instead on input line 1090.
LaTeX Font Info:    Font shape `OT1/ppl/bx/it' in size <17.06374> not available

(Font)              Font shape `OT1/ppl/b/it' tried instead on input line 1090.

LaTeX Font Info:    Font shape `OT1/ppl/bx/n' in size <20.075> not available
(Font)              Font shape `OT1/ppl/b/n' tried instead on input line 1090.
LaTeX Font Info:    Font shape `OT1/ppl/bx/it' in size <20.075> not available
(Font)              Font shape `OT1/ppl/b/it' tried instead on input line 1090.

LaTeX Font Info:    Font shape `OT1/ppl/bx/n' in size <24.09> not available
(Font)              Font shape `OT1/ppl/b/n' tried instead on input line 1090.
LaTeX Font Info:    Font shape `OT1/ppl/bx/it' in size <24.09> not available
(Font)              Font shape `OT1/ppl/b/it' tried instead on input line 1090.

\IEEEquantizedlength=\dimen109
\IEEEquantizedlengthdiff=\dimen110
\IEEEquantizedtextheightdiff=\dimen111
\IEEEilabelindentA=\dimen112
\IEEEilabelindentB=\dimen113
\IEEEilabelindent=\dimen114
\IEEEelabelindent=\dimen115
\IEEEdlabelindent=\dimen116
\IEEElabelindent=\dimen117
\IEEEiednormlabelsep=\dimen118
\IEEEiedmathlabelsep=\dimen119
\IEEEiedtopsep=\skip41
\c@section=\count82
\c@subsection=\count83
\c@subsubsection=\count84
\c@paragraph=\count85
\c@IEEEsubequation=\count86
\abovecaptionskip=\skip42
\belowcaptionskip=\skip43
\c@figure=\count87
\c@table=\count88
\@IEEEeqnnumcols=\count89
\@IEEEeqncolcnt=\count90
\@IEEEsubeqnnumrollback=\count91
\@IEEEquantizeheightA=\dimen120
\@IEEEquantizeheightB=\dimen121
\@IEEEquantizeheightC=\dimen122
\@IEEEquantizeprevdepth=\dimen123
\@IEEEquantizemultiple=\count92
\@IEEEquantizeboxA=\box26
\@IEEEtmpitemindent=\dimen124
\IEEEPARstartletwidth=\dimen125
\c@IEEEbiography=\count93
\@IEEEtranrubishbin=\box27
) (/usr/local/texlive/2016/texmf-dist/tex/generic/babel/babel.sty
Package: babel 2016/04/23 3.9r The Babel package

(/usr/local/texlive/2016/texmf-dist/tex/generic/babel-spanish/spanish.ldf
Language: spanish.ldf 2016/03/03 v5.0p Spanish support from the babel system

(/usr/local/texlive/2016/texmf-dist/tex/generic/babel/babel.def
File: babel.def 2016/04/23 3.9r Babel common definitions
\babel@savecnt=\count94
\U@D=\dimen126
)
\es@quottoks=\toks15
\es@quotdepth=\count95
Package babel Info: Making " an active character on input line 561.
Package babel Info: Making . an active character on input line 662.
Package babel Info: Making < an active character on input line 707.
Package babel Info: Making > an active character on input line 707.
))
(/usr/local/texlive/2016/texmf-dist/tex/latex/listings/listings.sty
(/usr/local/texlive/2016/texmf-dist/tex/latex/graphics/keyval.sty
Package: keyval 2014/10/28 v1.15 key=value parser (DPC)
\KV@toks@=\toks16
)
\lst@mode=\count96
\lst@gtempboxa=\box28
\lst@token=\toks17
\lst@length=\count97
\lst@currlwidth=\dimen127
\lst@column=\count98
\lst@pos=\count99
\lst@lostspace=\dimen128
\lst@width=\dimen129
\lst@newlines=\count100
\lst@lineno=\count101
\lst@maxwidth=\dimen130

(/usr/local/texlive/2016/texmf-dist/tex/latex/listings/lstmisc.sty
File: lstmisc.sty 2015/06/04 1.6 (Carsten Heinz)
\c@lstnumber=\count102
\lst@skipnumbers=\count103
\lst@framebox=\box29
)
(/usr/local/texlive/2016/texmf-dist/tex/latex/listings/listings.cfg
File: listings.cfg 2015/06/04 1.6 listings configuration
))
Package: listings 2015/06/04 1.6 (Carsten Heinz)

(/usr/local/texlive/2016/texmf-dist/tex/latex/graphics/graphicx.sty
Package: graphicx 2014/10/28 v1.0g Enhanced LaTeX Graphics (DPC,SPQR)

(/usr/local/texlive/2016/texmf-dist/tex/latex/graphics/graphics.sty
Package: graphics 2016/05/09 v1.0r Standard LaTeX Graphics (DPC,SPQR)

(/usr/local/texlive/2016/texmf-dist/tex/latex/graphics/trig.sty
Package: trig 2016/01/03 v1.10 sin cos tan (DPC)
)
(/usr/local/texlive/2016/texmf-dist/tex/latex/graphics-cfg/graphics.cfg
File: graphics.cfg 2016/01/02 v1.10 sample graphics configuration
)
Package graphics Info: Driver file: pdftex.def on input line 96.

(/usr/local/texlive/2016/texmf-dist/tex/latex/pdftex-def/pdftex.def
File: pdftex.def 2011/05/27 v0.06d Graphics/color for pdfTeX

(/usr/local/texlive/2016/texmf-dist/tex/generic/oberdiek/infwarerr.sty
Package: infwarerr 2016/05/16 v1.4 Providing info/warning/error messages (HO)
)
(/usr/local/texlive/2016/texmf-dist/tex/generic/oberdiek/ltxcmds.sty
Package: ltxcmds 2016/05/16 v1.23 LaTeX kernel commands for general use (HO)
)
\Gread@gobject=\count104
))
\Gin@req@height=\dimen131
\Gin@req@width=\dimen132
)
(/usr/local/texlive/2016/texmf-dist/tex/latex/wrapfig/wrapfig.sty
\wrapoverhang=\dimen133
\WF@size=\dimen134
\c@WF@wrappedlines=\count105
\WF@box=\box30
\WF@everypar=\toks18
Package: wrapfig 2003/01/31  v 3.6
)
(/usr/local/texlive/2016/texmf-dist/tex/latex/lipsum/lipsum.sty
Package: lipsum 2014/07/27 v1.3 150 paragraphs of Lorem Ipsum dummy text
\c@lips@count=\count106
)
(/usr/local/texlive/2016/texmf-dist/tex/latex/base/fontenc.sty
Package: fontenc 2005/09/27 v1.99g Standard LaTeX package

(/usr/local/texlive/2016/texmf-dist/tex/latex/base/t1enc.def
File: t1enc.def 2005/09/27 v1.99g Standard LaTeX file
LaTeX Font Info:    Redeclaring font encoding T1 on input line 48.
)
LaTeX Font Info:    Try loading font information for T1+ppl on input line 105.

(/usr/local/texlive/2016/texmf-dist/tex/latex/psnfss/t1ppl.fd
File: t1ppl.fd 2001/06/04 font definitions for T1/ppl.
))
(/usr/local/texlive/2016/texmf-dist/tex/latex/filecontents/filecontents.sty
Package: filecontents 2011/10/08 v1.3 Create an external file from within a LaT
eX document
)
(/usr/local/texlive/2016/texmf-dist/tex/latex/cite/cite.sty
LaTeX Info: Redefining \cite on input line 302.
LaTeX Info: Redefining \nocite on input line 332.
Package: cite 2015/02/27  v 5.5
)
(/usr/local/texlive/2016/texmf-dist/tex/latex/listings/lstlang1.sty
File: lstlang1.sty 2015/06/04 1.6 listings language file
)
(./Tarea 5 Curry.aux
LaTeX Info: Redefining \. on input line 6.
LaTeX Info: Redefining \% on input line 6.
)
\openout1 = `"Tarea 5 Curry.aux"'.

LaTeX Font Info:    Checking defaults for OML/cmm/m/it on input line 35.
LaTeX Font Info:    ... okay on input line 35.
LaTeX Font Info:    Checking defaults for T1/cmr/m/n on input line 35.
LaTeX Font Info:    ... okay on input line 35.
LaTeX Font Info:    Checking defaults for OT1/cmr/m/n on input line 35.
LaTeX Font Info:    ... okay on input line 35.
LaTeX Font Info:    Checking defaults for OMS/cmsy/m/n on input line 35.
LaTeX Font Info:    ... okay on input line 35.
LaTeX Font Info:    Checking defaults for OMX/cmex/m/n on input line 35.
LaTeX Font Info:    ... okay on input line 35.
LaTeX Font Info:    Checking defaults for U/cmr/m/n on input line 35.
LaTeX Font Info:    ... okay on input line 35.
LaTeX Font Info:    Font shape `T1/ppl/bx/n' in size <5.01874> not available
(Font)              Font shape `T1/ppl/b/n' tried instead on input line 35.
LaTeX Font Info:    Font shape `T1/ppl/bx/it' in size <5.01874> not available
(Font)              Font shape `T1/ppl/b/it' tried instead on input line 35.
LaTeX Font Info:    Font shape `T1/ppl/bx/n' in size <7.02625> not available
(Font)              Font shape `T1/ppl/b/n' tried instead on input line 35.
LaTeX Font Info:    Font shape `T1/ppl/bx/it' in size <7.02625> not available
(Font)              Font shape `T1/ppl/b/it' tried instead on input line 35.
LaTeX Font Info:    Font shape `T1/ppl/bx/n' in size <8.03> not available
(Font)              Font shape `T1/ppl/b/n' tried instead on input line 35.
LaTeX Font Info:    Font shape `T1/ppl/bx/it' in size <8.03> not available
(Font)              Font shape `T1/ppl/b/it' tried instead on input line 35.
LaTeX Font Info:    Font shape `T1/ppl/bx/n' in size <9.03374> not available
(Font)              Font shape `T1/ppl/b/n' tried instead on input line 35.
LaTeX Font Info:    Font shape `T1/ppl/bx/it' in size <9.03374> not available
(Font)              Font shape `T1/ppl/b/it' tried instead on input line 35.
LaTeX Font Info:    Font shape `T1/ppl/bx/n' in size <9.53561> not available
(Font)              Font shape `T1/ppl/b/n' tried instead on input line 35.
LaTeX Font Info:    Font shape `T1/ppl/bx/it' in size <9.53561> not available
(Font)              Font shape `T1/ppl/b/it' tried instead on input line 35.
LaTeX Font Info:    Font shape `T1/ppl/bx/n' in size <11.04124> not available
(Font)              Font shape `T1/ppl/b/n' tried instead on input line 35.
LaTeX Font Info:    Font shape `T1/ppl/bx/it' in size <11.04124> not available
(Font)              Font shape `T1/ppl/b/it' tried instead on input line 35.
LaTeX Font Info:    Font shape `T1/ppl/bx/n' in size <12.045> not available
(Font)              Font shape `T1/ppl/b/n' tried instead on input line 35.
LaTeX Font Info:    Font shape `T1/ppl/bx/it' in size <12.045> not available
(Font)              Font shape `T1/ppl/b/it' tried instead on input line 35.
LaTeX Font Info:    Font shape `T1/ppl/bx/n' in size <17.06374> not available
(Font)              Font shape `T1/ppl/b/n' tried instead on input line 35.
LaTeX Font Info:    Font shape `T1/ppl/bx/it' in size <17.06374> not available
(Font)              Font shape `T1/ppl/b/it' tried instead on input line 35.
LaTeX Font Info:    Font shape `T1/ppl/bx/n' in size <20.075> not available
(Font)              Font shape `T1/ppl/b/n' tried instead on input line 35.
LaTeX Font Info:    Font shape `T1/ppl/bx/it' in size <20.075> not available
(Font)              Font shape `T1/ppl/b/it' tried instead on input line 35.
LaTeX Font Info:    Font shape `T1/ppl/bx/n' in size <24.09> not available
(Font)              Font shape `T1/ppl/b/n' tried instead on input line 35.
LaTeX Font Info:    Font shape `T1/ppl/bx/it' in size <24.09> not available
(Font)              Font shape `T1/ppl/b/it' tried instead on input line 35.

-- Lines per column: 61 (exact).
LaTeX Info: Redefining \. on input line 35.
LaTeX Info: Redefining \% on input line 35.
\c@lstlisting=\count107
(/usr/local/texlive/2016/texmf-dist/tex/context/base/mkii/supp-pdf.mkii
[Loading MPS to PDF converter (version 2006.09.02).]
\scratchcounter=\count108
\scratchdimen=\dimen135
\scratchbox=\box31
\nofMPsegments=\count109
\nofMParguments=\count110
\everyMPshowfont=\toks19
\MPscratchCnt=\count111
\MPscratchDim=\dimen136
\MPnumerator=\count112
\makeMPintoPDFobject=\count113
\everyMPtoPDFconversion=\toks20
) (/usr/local/texlive/2016/texmf-dist/tex/generic/oberdiek/pdftexcmds.sty
Package: pdftexcmds 2016/05/10 v0.21 Utility functions of pdfTeX for LuaTeX (HO
)

(/usr/local/texlive/2016/texmf-dist/tex/generic/oberdiek/ifluatex.sty
Package: ifluatex 2016/05/16 v1.4 Provides the ifluatex switch (HO)
Package ifluatex Info: LuaTeX not detected.
)
(/usr/local/texlive/2016/texmf-dist/tex/generic/oberdiek/ifpdf.sty
Package: ifpdf 2016/05/14 v3.1 Provides the ifpdf switch
)
Package pdftexcmds Info: LuaTeX not detected.
Package pdftexcmds Info: \pdf@primitive is available.
Package pdftexcmds Info: \pdf@ifprimitive is available.
Package pdftexcmds Info: \pdfdraftmode found.
)
(/usr/local/texlive/2016/texmf-dist/tex/latex/oberdiek/epstopdf-base.sty
Package: epstopdf-base 2016/05/15 v2.6 Base part for package epstopdf

(/usr/local/texlive/2016/texmf-dist/tex/latex/oberdiek/grfext.sty
Package: grfext 2016/05/16 v1.2 Manage graphics extensions (HO)

(/usr/local/texlive/2016/texmf-dist/tex/generic/oberdiek/kvdefinekeys.sty
Package: kvdefinekeys 2016/05/16 v1.4 Define keys (HO)
))
(/usr/local/texlive/2016/texmf-dist/tex/latex/oberdiek/kvoptions.sty
Package: kvoptions 2016/05/16 v3.12 Key value format for package options (HO)

(/usr/local/texlive/2016/texmf-dist/tex/generic/oberdiek/kvsetkeys.sty
Package: kvsetkeys 2016/05/16 v1.17 Key value parser (HO)

(/usr/local/texlive/2016/texmf-dist/tex/generic/oberdiek/etexcmds.sty
Package: etexcmds 2016/05/16 v1.6 Avoid name clashes with e-TeX commands (HO)
Package etexcmds Info: Could not find \expanded.
(etexcmds)             That can mean that you are not using pdfTeX 1.50 or
(etexcmds)             that some package has redefined \expanded.
(etexcmds)             In the latter case, load this package earlier.
)))
Package grfext Info: Graphics extension search list:
(grfext)             [.png,.pdf,.jpg,.mps,.jpeg,.jbig2,.jb2,.PNG,.PDF,.JPG,.JPE
G,.JBIG2,.JB2,.eps]
(grfext)             \AppendGraphicsExtensions on input line 456.

(/usr/local/texlive/2016/texmf-dist/tex/latex/latexconfig/epstopdf-sys.cfg
File: epstopdf-sys.cfg 2010/07/13 v1.3 Configuration of (r)epstopdf for TeX Liv
e
))
LaTeX Font Info:    Try loading font information for T1+phv on input line 47.

(/usr/local/texlive/2016/texmf-dist/tex/latex/psnfss/t1phv.fd
File: t1phv.fd 2001/06/04 scalable font definitions for T1/phv.
)
LaTeX Font Info:    Font shape `T1/phv/m/it' in size <11.04124> not available
(Font)              Font shape `T1/phv/m/sl' tried instead on input line 47.
LaTeX Font Info:    Calculating math sizes for size <11.04124> on input line 47
.
LaTeX Font Info:    External font `cmex10' loaded for size
(Font)              <11.04124> on input line 47.
LaTeX Font Info:    External font `cmex10' loaded for size
(Font)              <7.72884> on input line 47.
LaTeX Font Info:    External font `cmex10' loaded for size
(Font)              <5.52061> on input line 47.
LaTeX Font Info:    Try loading font information for U+pzd on input line 47.

(/usr/local/texlive/2016/texmf-dist/tex/latex/psnfss/upzd.fd
File: upzd.fd 2001/06/04 font definitions for U/pzd.
)
LaTeX Font Info:    Font shape `T1/phv/bx/n' in size <11.04124> not available
(Font)              Font shape `T1/phv/b/n' tried instead on input line 53.
LaTeX Font Info:    Font shape `T1/phv/bx/sc' in size <11.04124> not available
(Font)              Font shape `T1/phv/b/sc' tried instead on input line 53.

<Curry.png, id=1, 317.988pt x 86.724pt>
File: Curry.png Graphic file (type png)
 <use Curry.png>
Package pdftex.def Info: Curry.png used on input line 56.
(pdftex.def)             Requested size: 129.48375pt x 35.31357pt.

Underfull \hbox (badness 1755) in paragraph at lines 59--60
\T1/ppl/m/n/9.53561 gua-je ex-pe-ri-men-tal
 []


Underfull \hbox (badness 3646) in paragraph at lines 59--60
\T1/ppl/m/n/9.53561 gi-co y fun-cio-nal),
 []


Underfull \hbox (badness 10000) in paragraph at lines 62--63

 []

LaTeX Font Info:    Font shape `T1/phv/bx/n' in size <9.53561> not available
(Font)              Font shape `T1/phv/b/n' tried instead on input line 64.
(/usr/local/texlive/2016/texmf-dist/tex/latex/listings/lstlang1.sty
File: lstlang1.sty 2015/06/04 1.6 listings language file
)
(/usr/local/texlive/2016/texmf-dist/tex/latex/listings/lstlang2.sty
File: lstlang2.sty 2015/06/04 1.6 listings language file
)

Package Listings Warning: Text dropped after begin of listing on input line 66.



Package Listings Warning: Text dropped after begin of listing on input line 71.


LaTeX Font Info:    Calculating math sizes for size <9.53561> on input line 72.

LaTeX Font Info:    External font `cmex10' loaded for size
(Font)              <9.53561> on input line 72.
LaTeX Font Info:    External font `cmex10' loaded for size
(Font)              <6.6749> on input line 72.
LaTeX Font Info:    External font `cmex10' loaded for size
(Font)              <4.7678> on input line 72.

Underfull \hbox (badness 1496) in paragraph at lines 85--86
[]\T1/ppl/m/n/9.53561 Los va-lo-res en-te-ros co-mu-nes, co-mo \T1/ppl/b/n/9.53
561 42 \T1/ppl/m/n/9.53561 o \T1/ppl/b/n/9.53561 -15 \T1/ppl/m/n/9.53561 son
 []


Underfull \hbox (badness 10000) in paragraph at lines 85--86

 []


Package Listings Warning: Text dropped after begin of listing on input line 88.


LaTeX Info: Redefining \. on input line 97.
LaTeX Info: Redefining \% on input line 97.
[1{/usr/local/texlive/2016/texmf-var/fonts/map/pdftex/updmap/pdftex.map}


 <./Curry.png>]

Package Listings Warning: Text dropped after begin of listing on input line 100
.


Package Listings Warning: Text dropped after begin of listing on input line 107
.


Package Listings Warning: Text dropped after begin of listing on input line 114
.


Package Listings Warning: Text dropped after begin of listing on input line 125
.

LaTeX Font Info:    Try loading font information for OMS+ppl on input line 126.

(/usr/local/texlive/2016/texmf-dist/tex/latex/psnfss/omsppl.fd
File: omsppl.fd 
)
LaTeX Font Info:    Font shape `OMS/ppl/m/n' in size <9.53561> not available
(Font)              Font shape `OMS/cmsy/m/n' tried instead on input line 126.

Underfull \hbox (badness 10000) in paragraph at lines 147--149

 []


Underfull \hbox (badness 10000) in paragraph at lines 157--159

 []

Missing character: There is no â in font cmr10!
Missing character: There is no € in font cmr10!
Missing character: There is no ˜ in font cmr10!
Missing character: There is no â in font cmr10!
Missing character: There is no € in font cmr10!
Missing character: There is no ˜ in font cmr10!

Underfull \hbox (badness 10000) in paragraph at lines 163--166

 []


Underfull \hbox (badness 7362) in paragraph at lines 163--166
\OT1/cmr/m/n/10 [\OML/cmm/m/it/10 x\OMS/cmsy/m/n/10 j\OML/cmm/m/it/10 x \OMS/cm
sy/m/n/10   \OT1/cmr/m/n/10 [1\OML/cmm/m/it/10 :[]\OT1/cmr/m/n/10 50]\OML/cmm/m
/it/10 ; xmod\OT1/cmr/m/n/10 7 == 0]$ \T1/ppl/m/n/9.53561 de-no-ta la lis-ta
 []


Underfull \hbox (badness 5607) in paragraph at lines 163--166
\OT1/cmr/m/n/10 [(\OML/cmm/m/it/10 x; y\OT1/cmr/m/n/10 )\OMS/cmsy/m/n/10 j\OML/
cmm/m/it/10 x \OMS/cmsy/m/n/10   \OT1/cmr/m/n/10 [1\OML/cmm/m/it/10 ; \OT1/cmr/
m/n/10 2\OML/cmm/m/it/10 ; \OT1/cmr/m/n/10 3]\OML/cmm/m/it/10 ; y \OMS/cmsy/m/n
/10   \OT1/cmr/m/n/10 [4\OML/cmm/m/it/10 ; \OT1/cmr/m/n/10 5]]$ \T1/ppl/m/n/9.5
3561 de-no-ta la lis-ta
 []


Underfull \hbox (badness 10000) in paragraph at lines 163--166

 []

LaTeX Info: Redefining \. on input line 166.
LaTeX Info: Redefining \% on input line 166.
[2]
Underfull \hbox (badness 10000) in paragraph at lines 167--168

 []


Underfull \hbox (badness 10000) in paragraph at lines 169--180

 []


Underfull \hbox (badness 10000) in paragraph at lines 181--182

 []


Package Listings Warning: Text dropped after begin of listing on input line 182
.


Underfull \hbox (badness 10000) in paragraph at lines 185--186

 []


Package Listings Warning: Text dropped after begin of listing on input line 186
.


Package Listings Warning: Text dropped after begin of listing on input line 191
.


Overfull \hbox (4.51892pt too wide) in paragraph at lines 193--194
[][][][][][][][][][][][][][][][][][][][][][] 
 []


Overfull \hbox (4.51892pt too wide) in paragraph at lines 196--197
[][][][][][][][][][][][][][][][][][][][][][][][][][][][][] 
 []


Underfull \hbox (badness 10000) in paragraph at lines 213--214

 []


Package Listings Warning: Text dropped after begin of listing on input line 214
.


Package Listings Warning: Text dropped after begin of listing on input line 232
.


Package Listings Warning: Text dropped after begin of listing on input line 239
.


Package Listings Warning: Text dropped after begin of listing on input line 249
.

LaTeX Info: Redefining \. on input line 258.
LaTeX Info: Redefining \% on input line 258.
[3]

Package Listings Warning: Text dropped after begin of listing on input line 259
.


Package Listings Warning: Text dropped after begin of listing on input line 269
.


Package Listings Warning: Text dropped after begin of listing on input line 280
.


Package Listings Warning: Text dropped after begin of listing on input line 290
.


Package Listings Warning: Text dropped after begin of listing on input line 300
.


Package Listings Warning: Text dropped after begin of listing on input line 333
.


Package Listings Warning: Text dropped after begin of listing on input line 343
.

LaTeX Info: Redefining \. on input line 355.
LaTeX Info: Redefining \% on input line 355.
[4]
Underfull \hbox (badness 10000) in paragraph at lines 383--384
[]\T1/ppl/m/n/8.03 W. Jel-tsch. A tas-te of Curry. Con-sul-ta-do de
 []

LaTeX Info: Redefining \. on input line 392.
LaTeX Info: Redefining \% on input line 392.
[5

] (./Tarea 5 Curry.aux
LaTeX Info: Redefining \. on input line 6.
LaTeX Info: Redefining \% on input line 6.
) ) 
Here is how much of TeX's memory you used:
 5711 strings out of 493014
 84102 string characters out of 6133351
 319293 words of memory out of 5000000
 9172 multiletter control sequences out of 15000+600000
 89424 words of font info for 127 fonts, out of 8000000 for 9000
 1144 hyphenation exceptions out of 8191
 38i,8n,40p,1878b,1420s stack positions out of 5000i,500n,10000p,200000b,80000s
{/usr/local/texlive/2016/texmf-dist/fonts/enc/dvips/base/8r.enc}</usr/local/
texlive/2016/texmf-dist/fonts/type1/public/amsfonts/cm/cmmi10.pfb></usr/local/t
exlive/2016/texmf-dist/fonts/type1/public/amsfonts/cm/cmmi7.pfb></usr/local/tex
live/2016/texmf-dist/fonts/type1/public/amsfonts/cm/cmr10.pfb></usr/local/texli
ve/2016/texmf-dist/fonts/type1/public/amsfonts/cm/cmr7.pfb></usr/local/texlive/
2016/texmf-dist/fonts/type1/public/amsfonts/cm/cmsy10.pfb></usr/local/texlive/2
016/texmf-dist/fonts/type1/urw/helvetic/uhvb8a.pfb></usr/local/texlive/2016/tex
mf-dist/fonts/type1/urw/helvetic/uhvr8a.pfb></usr/local/texlive/2016/texmf-dist
/fonts/type1/urw/helvetic/uhvro8a.pfb></usr/local/texlive/2016/texmf-dist/fonts
/type1/urw/palatino/uplb8a.pfb></usr/local/texlive/2016/texmf-dist/fonts/type1/
urw/palatino/uplr8a.pfb></usr/local/texlive/2016/texmf-dist/fonts/type1/urw/pal
atino/uplri8a.pfb></usr/local/texlive/2016/texmf-dist/fonts/type1/urw/zapfding/
uzdr.pfb>
Output written on "Tarea 5 Curry.pdf" (5 pages, 171962 bytes).
PDF statistics:
 72 PDF objects out of 1000 (max. 8388607)
 50 compressed objects within 1 object stream
 0 named destinations out of 1000 (max. 500000)
 6 words of extra memory for PDF output out of 10000 (max. 10000000)

